<?xml version="1.0" encoding="UTF-8"?>
<!-- Generated by org.testng.reporters.JUnitReportReporter -->
<testsuite hostname="Shuvashish" name="pages.men.MensShoesTest" tests="1" failures="0" timestamp="27 Feb 2018 18:46:26 GMT" time="10.675" errors="0">
  <testcase name="navigateToMensShose" time="10.675" classname="pages.men.MensShoesTest"/>
</testsuite> <!-- pages.men.MensShoesTest -->
