<?xml version="1.0" encoding="UTF-8"?>
<!-- Generated by org.testng.reporters.JUnitReportReporter -->
<testsuite hostname="Shuvashish" name="HomePageTest" tests="7" failures="0" timestamp="27 Feb 2018 18:46:26 GMT" time="53.620" errors="0">
  <testcase name="testHomePage" time="8.401" classname="HomePageTest"/>
  <testcase name="testHomePage" time="6.252" classname="HomePageTest"/>
  <testcase name="testHomePage" time="6.412" classname="HomePageTest"/>
  <testcase name="testNavNames" time="8.523" classname="HomePageTest"/>
  <testcase name="testHomePage" time="9.188" classname="HomePageTest"/>
  <testcase name="testHomePage" time="6.498" classname="HomePageTest"/>
  <testcase name="testHomePage" time="8.346" classname="HomePageTest"/>
</testsuite> <!-- HomePageTest -->
